<?xml version="1.0" encoding="UTF-8"?>
<!-- Generated by org.testng.reporters.JUnitReportReporter -->
<testsuite skipped="0" hostname="ER04104N" name="farmRise.FarmRiseTestNg" tests="1" failures="0" timestamp="27 Jan 2019 16:03:56 GMT" time="42.878" errors="0">
  <testcase name="MyFirstTestNg" time="42.878" classname="farmRise.FarmRiseTestNg"/>
</testsuite> <!-- farmRise.FarmRiseTestNg -->
